{"C:\\Users\\schio\\mpp\\src\\App.jsx": {"path":"C:\\Users\\schio\\mpp\\src\\App.jsx","statementMap":{"0":{"start":{"line":6,"column":12},"end":{"line":368,"column":1}},"1":{"start":{"line":8,"column":26},"end":{"line":144,"column":5}},"2":{"start":{"line":147,"column":32},"end":{"line":147,"column":55}},"3":{"start":{"line":148,"column":36},"end":{"line":148,"column":51}},"4":{"start":{"line":149,"column":44},"end":{"line":149,"column":58}},"5":{"start":{"line":150,"column":40},"end":{"line":150,"column":52}},"6":{"start":{"line":151,"column":32},"end":{"line":151,"column":49}},"7":{"start":{"line":152,"column":38},"end":{"line":152,"column":53}},"8":{"start":{"line":153,"column":42},"end":{"line":153,"column":57}},"9":{"start":{"line":154,"column":42},"end":{"line":154,"column":53}},"10":{"start":{"line":155,"column":26},"end":{"line":155,"column":27}},"11":{"start":{"line":158,"column":29},"end":{"line":160,"column":5}},"12":{"start":{"line":159,"column":8},"end":{"line":159,"column":68}},"13":{"start":{"line":162,"column":28},"end":{"line":164,"column":71}},"14":{"start":{"line":164,"column":43},"end":{"line":164,"column":70}},"15":{"start":{"line":166,"column":25},"end":{"line":181,"column":6}},"16":{"start":{"line":167,"column":8},"end":{"line":179,"column":9}},"17":{"start":{"line":168,"column":12},"end":{"line":170,"column":49}},"18":{"start":{"line":171,"column":15},"end":{"line":179,"column":9}},"19":{"start":{"line":172,"column":12},"end":{"line":174,"column":34}},"20":{"start":{"line":175,"column":15},"end":{"line":179,"column":9}},"21":{"start":{"line":176,"column":12},"end":{"line":178,"column":38}},"22":{"start":{"line":180,"column":8},"end":{"line":180,"column":17}},"23":{"start":{"line":184,"column":29},"end":{"line":184,"column":56}},"24":{"start":{"line":185,"column":30},"end":{"line":185,"column":62}},"25":{"start":{"line":186,"column":26},"end":{"line":186,"column":81}},"26":{"start":{"line":187,"column":23},"end":{"line":187,"column":69}},"27":{"start":{"line":190,"column":21},"end":{"line":190,"column":63}},"28":{"start":{"line":190,"column":37},"end":{"line":190,"column":63}},"29":{"start":{"line":193,"column":21},"end":{"line":202,"column":5}},"30":{"start":{"line":194,"column":25},"end":{"line":198,"column":9}},"31":{"start":{"line":199,"column":8},"end":{"line":199,"column":59}},"32":{"start":{"line":199,"column":32},"end":{"line":199,"column":57}},"33":{"start":{"line":200,"column":8},"end":{"line":200,"column":27}},"34":{"start":{"line":201,"column":8},"end":{"line":201,"column":26}},"35":{"start":{"line":205,"column":22},"end":{"line":213,"column":5}},"36":{"start":{"line":206,"column":8},"end":{"line":210,"column":10}},"37":{"start":{"line":207,"column":12},"end":{"line":209,"column":13}},"38":{"start":{"line":208,"column":16},"end":{"line":208,"column":67}},"39":{"start":{"line":211,"column":8},"end":{"line":211,"column":30}},"40":{"start":{"line":212,"column":8},"end":{"line":212,"column":27}},"41":{"start":{"line":216,"column":24},"end":{"line":224,"column":5}},"42":{"start":{"line":217,"column":8},"end":{"line":223,"column":11}},"43":{"start":{"line":218,"column":30},"end":{"line":218,"column":73}},"44":{"start":{"line":218,"column":57},"end":{"line":218,"column":72}},"45":{"start":{"line":219,"column":12},"end":{"line":221,"column":13}},"46":{"start":{"line":220,"column":16},"end":{"line":220,"column":48}},"47":{"start":{"line":222,"column":12},"end":{"line":222,"column":29}},"48":{"start":{"line":227,"column":19},"end":{"line":227,"column":72}},"49":{"start":{"line":227,"column":58},"end":{"line":227,"column":69}},"50":{"start":{"line":229,"column":4},"end":{"line":367,"column":6}},"51":{"start":{"line":241,"column":24},"end":{"line":241,"column":54}},"52":{"start":{"line":242,"column":24},"end":{"line":242,"column":42}},"53":{"start":{"line":251,"column":24},"end":{"line":251,"column":55}},"54":{"start":{"line":252,"column":24},"end":{"line":252,"column":42}},"55":{"start":{"line":257,"column":24},"end":{"line":263,"column":33}},"56":{"start":{"line":272,"column":28},"end":{"line":272,"column":54}},"57":{"start":{"line":273,"column":28},"end":{"line":273,"column":46}},"58":{"start":{"line":286,"column":28},"end":{"line":286,"column":57}},"59":{"start":{"line":287,"column":28},"end":{"line":287,"column":46}},"60":{"start":{"line":301,"column":20},"end":{"line":301,"column":43}},"61":{"start":{"line":302,"column":20},"end":{"line":302,"column":42}},"62":{"start":{"line":325,"column":24},"end":{"line":325,"column":47}},"63":{"start":{"line":326,"column":24},"end":{"line":326,"column":42}},"64":{"start":{"line":335,"column":35},"end":{"line":335,"column":82}},"65":{"start":{"line":342,"column":62},"end":{"line":342,"column":67}},"66":{"start":{"line":343,"column":20},"end":{"line":350,"column":29}},"67":{"start":{"line":345,"column":39},"end":{"line":345,"column":55}},"68":{"start":{"line":354,"column":35},"end":{"line":354,"column":100}}},"fnMap":{"0":{"name":"(anonymous_0)","decl":{"start":{"line":6,"column":12},"end":{"line":6,"column":13}},"loc":{"start":{"line":6,"column":18},"end":{"line":368,"column":1}},"line":6},"1":{"name":"(anonymous_1)","decl":{"start":{"line":158,"column":43},"end":{"line":158,"column":44}},"loc":{"start":{"line":159,"column":8},"end":{"line":159,"column":68}},"line":159},"2":{"name":"(anonymous_2)","decl":{"start":{"line":164,"column":34},"end":{"line":164,"column":35}},"loc":{"start":{"line":164,"column":43},"end":{"line":164,"column":70}},"line":164},"3":{"name":"(anonymous_3)","decl":{"start":{"line":166,"column":51},"end":{"line":166,"column":52}},"loc":{"start":{"line":166,"column":61},"end":{"line":181,"column":5}},"line":166},"4":{"name":"(anonymous_4)","decl":{"start":{"line":190,"column":21},"end":{"line":190,"column":22}},"loc":{"start":{"line":190,"column":37},"end":{"line":190,"column":63}},"line":190},"5":{"name":"(anonymous_5)","decl":{"start":{"line":193,"column":21},"end":{"line":193,"column":22}},"loc":{"start":{"line":193,"column":32},"end":{"line":202,"column":5}},"line":193},"6":{"name":"(anonymous_6)","decl":{"start":{"line":199,"column":18},"end":{"line":199,"column":19}},"loc":{"start":{"line":199,"column":32},"end":{"line":199,"column":57}},"line":199},"7":{"name":"(anonymous_7)","decl":{"start":{"line":205,"column":22},"end":{"line":205,"column":23}},"loc":{"start":{"line":205,"column":40},"end":{"line":213,"column":5}},"line":205},"8":{"name":"(anonymous_8)","decl":{"start":{"line":206,"column":18},"end":{"line":206,"column":19}},"loc":{"start":{"line":207,"column":12},"end":{"line":209,"column":13}},"line":207},"9":{"name":"(anonymous_9)","decl":{"start":{"line":207,"column":27},"end":{"line":207,"column":28}},"loc":{"start":{"line":208,"column":16},"end":{"line":208,"column":67}},"line":208},"10":{"name":"(anonymous_10)","decl":{"start":{"line":216,"column":24},"end":{"line":216,"column":25}},"loc":{"start":{"line":216,"column":32},"end":{"line":224,"column":5}},"line":216},"11":{"name":"(anonymous_11)","decl":{"start":{"line":217,"column":18},"end":{"line":217,"column":19}},"loc":{"start":{"line":217,"column":32},"end":{"line":223,"column":9}},"line":217},"12":{"name":"(anonymous_12)","decl":{"start":{"line":218,"column":48},"end":{"line":218,"column":49}},"loc":{"start":{"line":218,"column":57},"end":{"line":218,"column":72}},"line":218},"13":{"name":"(anonymous_13)","decl":{"start":{"line":227,"column":49},"end":{"line":227,"column":50}},"loc":{"start":{"line":227,"column":58},"end":{"line":227,"column":69}},"line":227},"14":{"name":"(anonymous_14)","decl":{"start":{"line":240,"column":30},"end":{"line":240,"column":31}},"loc":{"start":{"line":240,"column":37},"end":{"line":243,"column":21}},"line":240},"15":{"name":"(anonymous_15)","decl":{"start":{"line":250,"column":30},"end":{"line":250,"column":31}},"loc":{"start":{"line":250,"column":37},"end":{"line":253,"column":21}},"line":250},"16":{"name":"(anonymous_16)","decl":{"start":{"line":256,"column":32},"end":{"line":256,"column":33}},"loc":{"start":{"line":257,"column":24},"end":{"line":263,"column":33}},"line":257},"17":{"name":"(anonymous_17)","decl":{"start":{"line":271,"column":34},"end":{"line":271,"column":35}},"loc":{"start":{"line":271,"column":41},"end":{"line":274,"column":25}},"line":271},"18":{"name":"(anonymous_18)","decl":{"start":{"line":285,"column":34},"end":{"line":285,"column":35}},"loc":{"start":{"line":285,"column":41},"end":{"line":288,"column":25}},"line":285},"19":{"name":"(anonymous_19)","decl":{"start":{"line":300,"column":25},"end":{"line":300,"column":26}},"loc":{"start":{"line":300,"column":31},"end":{"line":303,"column":17}},"line":300},"20":{"name":"(anonymous_20)","decl":{"start":{"line":324,"column":28},"end":{"line":324,"column":29}},"loc":{"start":{"line":324,"column":39},"end":{"line":327,"column":21}},"line":324},"21":{"name":"(anonymous_21)","decl":{"start":{"line":335,"column":29},"end":{"line":335,"column":30}},"loc":{"start":{"line":335,"column":35},"end":{"line":335,"column":82}},"line":335},"22":{"name":"(anonymous_22)","decl":{"start":{"line":342,"column":52},"end":{"line":342,"column":53}},"loc":{"start":{"line":342,"column":62},"end":{"line":342,"column":67}},"line":342},"23":{"name":"(anonymous_23)","decl":{"start":{"line":342,"column":73},"end":{"line":342,"column":74}},"loc":{"start":{"line":343,"column":20},"end":{"line":350,"column":29}},"line":343},"24":{"name":"(anonymous_24)","decl":{"start":{"line":345,"column":33},"end":{"line":345,"column":34}},"loc":{"start":{"line":345,"column":39},"end":{"line":345,"column":55}},"line":345},"25":{"name":"(anonymous_25)","decl":{"start":{"line":354,"column":29},"end":{"line":354,"column":30}},"loc":{"start":{"line":354,"column":35},"end":{"line":354,"column":100}},"line":354}},"branchMap":{"0":{"loc":{"start":{"line":162,"column":28},"end":{"line":164,"column":71}},"type":"cond-expr","locations":[{"start":{"line":163,"column":10},"end":{"line":163,"column":26}},{"start":{"line":164,"column":10},"end":{"line":164,"column":71}}],"line":162},"1":{"loc":{"start":{"line":167,"column":8},"end":{"line":179,"column":9}},"type":"if","locations":[{"start":{"line":167,"column":8},"end":{"line":179,"column":9}},{"start":{"line":171,"column":15},"end":{"line":179,"column":9}}],"line":167},"2":{"loc":{"start":{"line":168,"column":19},"end":{"line":170,"column":48}},"type":"cond-expr","locations":[{"start":{"line":169,"column":18},"end":{"line":169,"column":48}},{"start":{"line":170,"column":18},"end":{"line":170,"column":48}}],"line":168},"3":{"loc":{"start":{"line":171,"column":15},"end":{"line":179,"column":9}},"type":"if","locations":[{"start":{"line":171,"column":15},"end":{"line":179,"column":9}},{"start":{"line":175,"column":15},"end":{"line":179,"column":9}}],"line":171},"4":{"loc":{"start":{"line":172,"column":19},"end":{"line":174,"column":33}},"type":"cond-expr","locations":[{"start":{"line":173,"column":18},"end":{"line":173,"column":33}},{"start":{"line":174,"column":18},"end":{"line":174,"column":33}}],"line":172},"5":{"loc":{"start":{"line":175,"column":15},"end":{"line":179,"column":9}},"type":"if","locations":[{"start":{"line":175,"column":15},"end":{"line":179,"column":9}},{"start":{},"end":{}}],"line":175},"6":{"loc":{"start":{"line":176,"column":19},"end":{"line":178,"column":37}},"type":"cond-expr","locations":[{"start":{"line":177,"column":18},"end":{"line":177,"column":37}},{"start":{"line":178,"column":18},"end":{"line":178,"column":37}}],"line":176},"7":{"loc":{"start":{"line":197,"column":19},"end":{"line":197,"column":67}},"type":"binary-expr","locations":[{"start":{"line":197,"column":19},"end":{"line":197,"column":30}},{"start":{"line":197,"column":34},"end":{"line":197,"column":67}}],"line":197},"8":{"loc":{"start":{"line":208,"column":16},"end":{"line":208,"column":67}},"type":"cond-expr","locations":[{"start":{"line":208,"column":47},"end":{"line":208,"column":59}},{"start":{"line":208,"column":62},"end":{"line":208,"column":67}}],"line":208},"9":{"loc":{"start":{"line":219,"column":12},"end":{"line":221,"column":13}},"type":"if","locations":[{"start":{"line":219,"column":12},"end":{"line":221,"column":13}},{"start":{},"end":{}}],"line":219},"10":{"loc":{"start":{"line":219,"column":16},"end":{"line":219,"column":61}},"type":"binary-expr","locations":[{"start":{"line":219,"column":16},"end":{"line":219,"column":42}},{"start":{"line":219,"column":46},"end":{"line":219,"column":61}}],"line":219},"11":{"loc":{"start":{"line":262,"column":29},"end":{"line":262,"column":67}},"type":"cond-expr","locations":[{"start":{"line":262,"column":47},"end":{"line":262,"column":59}},{"start":{"line":262,"column":62},"end":{"line":262,"column":67}}],"line":262},"12":{"loc":{"start":{"line":306,"column":17},"end":{"line":306,"column":54}},"type":"cond-expr","locations":[{"start":{"line":306,"column":28},"end":{"line":306,"column":40}},{"start":{"line":306,"column":43},"end":{"line":306,"column":54}}],"line":306},"13":{"loc":{"start":{"line":310,"column":13},"end":{"line":318,"column":13}},"type":"binary-expr","locations":[{"start":{"line":310,"column":13},"end":{"line":310,"column":21}},{"start":{"line":311,"column":16},"end":{"line":317,"column":22}}],"line":310},"14":{"loc":{"start":{"line":335,"column":44},"end":{"line":335,"column":81}},"type":"cond-expr","locations":[{"start":{"line":335,"column":62},"end":{"line":335,"column":77}},{"start":{"line":335,"column":80},"end":{"line":335,"column":81}}],"line":335},"15":{"loc":{"start":{"line":346,"column":35},"end":{"line":346,"column":73}},"type":"cond-expr","locations":[{"start":{"line":346,"column":60},"end":{"line":346,"column":68}},{"start":{"line":346,"column":71},"end":{"line":346,"column":73}}],"line":346},"16":{"loc":{"start":{"line":354,"column":44},"end":{"line":354,"column":99}},"type":"cond-expr","locations":[{"start":{"line":354,"column":71},"end":{"line":354,"column":86}},{"start":{"line":354,"column":89},"end":{"line":354,"column":99}}],"line":354}},"s":{"0":1,"1":56,"2":56,"3":56,"4":56,"5":56,"6":56,"7":56,"8":56,"9":56,"10":56,"11":56,"12":841,"13":56,"14":30,"15":56,"16":2187,"17":1938,"18":249,"19":127,"20":122,"21":122,"22":0,"23":56,"24":56,"25":56,"26":56,"27":56,"28":3,"29":56,"30":3,"31":3,"32":3,"33":3,"34":3,"35":56,"36":1,"37":1,"38":15,"39":1,"40":1,"41":56,"42":3,"43":3,"44":45,"45":3,"46":0,"47":3,"48":56,"49":841,"50":56,"51":2,"52":2,"53":2,"54":2,"55":504,"56":3,"57":3,"58":5,"59":5,"60":9,"61":9,"62":3,"63":3,"64":0,"65":162,"66":162,"67":2,"68":1},"f":{"0":56,"1":841,"2":30,"3":2187,"4":3,"5":3,"6":3,"7":1,"8":1,"9":15,"10":3,"11":3,"12":45,"13":841,"14":2,"15":2,"16":504,"17":3,"18":5,"19":9,"20":3,"21":0,"22":162,"23":162,"24":2,"25":1},"b":{"0":[54,2],"1":[1938,249],"2":[1938,0],"3":[127,122],"4":[86,41],"5":[122,0],"6":[82,40],"7":[3,0],"8":[1,14],"9":[0,3],"10":[3,0],"11":[56,448],"12":[11,45],"13":[56,11],"14":[0,0],"15":[54,108],"16":[1,0]},"_coverageSchema":"1a1c01bbd47fc00a2c39e90264f33305004495a9","hash":"5f58cc84c71682a6d385292b899a3829d75a5a6a"}
,"C:\\Users\\schio\\mpp\\src\\MovieForm.jsx": {"path":"C:\\Users\\schio\\mpp\\src\\MovieForm.jsx","statementMap":{"0":{"start":{"line":3,"column":18},"end":{"line":157,"column":1}},"1":{"start":{"line":4,"column":30},"end":{"line":4,"column":42}},"2":{"start":{"line":5,"column":28},"end":{"line":5,"column":40}},"3":{"start":{"line":6,"column":30},"end":{"line":6,"column":42}},"4":{"start":{"line":7,"column":32},"end":{"line":7,"column":44}},"5":{"start":{"line":8,"column":32},"end":{"line":8,"column":44}},"6":{"start":{"line":9,"column":30},"end":{"line":9,"column":42}},"7":{"start":{"line":10,"column":32},"end":{"line":10,"column":44}},"8":{"start":{"line":13,"column":4},"end":{"line":22,"column":23}},"9":{"start":{"line":14,"column":8},"end":{"line":21,"column":9}},"10":{"start":{"line":15,"column":12},"end":{"line":15,"column":41}},"11":{"start":{"line":16,"column":12},"end":{"line":16,"column":50}},"12":{"start":{"line":17,"column":12},"end":{"line":17,"column":41}},"13":{"start":{"line":18,"column":12},"end":{"line":18,"column":54}},"14":{"start":{"line":19,"column":12},"end":{"line":19,"column":43}},"15":{"start":{"line":20,"column":12},"end":{"line":20,"column":41}},"16":{"start":{"line":25,"column":25},"end":{"line":36,"column":5}},"17":{"start":{"line":26,"column":26},"end":{"line":26,"column":28}},"18":{"start":{"line":27,"column":8},"end":{"line":27,"column":65}},"19":{"start":{"line":27,"column":27},"end":{"line":27,"column":65}},"20":{"start":{"line":28,"column":8},"end":{"line":28,"column":76}},"21":{"start":{"line":28,"column":34},"end":{"line":28,"column":76}},"22":{"start":{"line":29,"column":8},"end":{"line":29,"column":58}},"23":{"start":{"line":29,"column":20},"end":{"line":29,"column":58}},"24":{"start":{"line":30,"column":8},"end":{"line":30,"column":99}},"25":{"start":{"line":30,"column":50},"end":{"line":30,"column":99}},"26":{"start":{"line":31,"column":8},"end":{"line":33,"column":9}},"27":{"start":{"line":32,"column":12},"end":{"line":32,"column":63}},"28":{"start":{"line":34,"column":8},"end":{"line":34,"column":29}},"29":{"start":{"line":35,"column":8},"end":{"line":35,"column":51}},"30":{"start":{"line":39,"column":25},"end":{"line":66,"column":5}},"31":{"start":{"line":40,"column":8},"end":{"line":40,"column":27}},"32":{"start":{"line":41,"column":8},"end":{"line":41,"column":36}},"33":{"start":{"line":41,"column":29},"end":{"line":41,"column":36}},"34":{"start":{"line":43,"column":26},"end":{"line":50,"column":9}},"35":{"start":{"line":52,"column":8},"end":{"line":56,"column":9}},"36":{"start":{"line":53,"column":12},"end":{"line":53,"column":61}},"37":{"start":{"line":55,"column":12},"end":{"line":55,"column":32}},"38":{"start":{"line":59,"column":8},"end":{"line":59,"column":21}},"39":{"start":{"line":60,"column":8},"end":{"line":60,"column":20}},"40":{"start":{"line":61,"column":8},"end":{"line":61,"column":21}},"41":{"start":{"line":62,"column":8},"end":{"line":62,"column":22}},"42":{"start":{"line":63,"column":8},"end":{"line":63,"column":22}},"43":{"start":{"line":64,"column":8},"end":{"line":64,"column":21}},"44":{"start":{"line":65,"column":8},"end":{"line":65,"column":22}},"45":{"start":{"line":68,"column":4},"end":{"line":156,"column":6}},"46":{"start":{"line":76,"column":37},"end":{"line":76,"column":61}},"47":{"start":{"line":88,"column":37},"end":{"line":88,"column":60}},"48":{"start":{"line":101,"column":37},"end":{"line":101,"column":61}},"49":{"start":{"line":123,"column":37},"end":{"line":123,"column":62}},"50":{"start":{"line":136,"column":37},"end":{"line":136,"column":62}},"51":{"start":{"line":146,"column":37},"end":{"line":146,"column":61}}},"fnMap":{"0":{"name":"(anonymous_0)","decl":{"start":{"line":3,"column":18},"end":{"line":3,"column":19}},"loc":{"start":{"line":3,"column":61},"end":{"line":157,"column":1}},"line":3},"1":{"name":"(anonymous_1)","decl":{"start":{"line":13,"column":14},"end":{"line":13,"column":15}},"loc":{"start":{"line":13,"column":20},"end":{"line":22,"column":5}},"line":13},"2":{"name":"(anonymous_2)","decl":{"start":{"line":25,"column":25},"end":{"line":25,"column":26}},"loc":{"start":{"line":25,"column":31},"end":{"line":36,"column":5}},"line":25},"3":{"name":"(anonymous_3)","decl":{"start":{"line":39,"column":25},"end":{"line":39,"column":26}},"loc":{"start":{"line":39,"column":32},"end":{"line":66,"column":5}},"line":39},"4":{"name":"(anonymous_4)","decl":{"start":{"line":76,"column":30},"end":{"line":76,"column":31}},"loc":{"start":{"line":76,"column":37},"end":{"line":76,"column":61}},"line":76},"5":{"name":"(anonymous_5)","decl":{"start":{"line":88,"column":30},"end":{"line":88,"column":31}},"loc":{"start":{"line":88,"column":37},"end":{"line":88,"column":60}},"line":88},"6":{"name":"(anonymous_6)","decl":{"start":{"line":101,"column":30},"end":{"line":101,"column":31}},"loc":{"start":{"line":101,"column":37},"end":{"line":101,"column":61}},"line":101},"7":{"name":"(anonymous_7)","decl":{"start":{"line":123,"column":30},"end":{"line":123,"column":31}},"loc":{"start":{"line":123,"column":37},"end":{"line":123,"column":62}},"line":123},"8":{"name":"(anonymous_8)","decl":{"start":{"line":136,"column":30},"end":{"line":136,"column":31}},"loc":{"start":{"line":136,"column":37},"end":{"line":136,"column":62}},"line":136},"9":{"name":"(anonymous_9)","decl":{"start":{"line":146,"column":30},"end":{"line":146,"column":31}},"loc":{"start":{"line":146,"column":37},"end":{"line":146,"column":61}},"line":146}},"branchMap":{"0":{"loc":{"start":{"line":14,"column":8},"end":{"line":21,"column":9}},"type":"if","locations":[{"start":{"line":14,"column":8},"end":{"line":21,"column":9}},{"start":{},"end":{}}],"line":14},"1":{"loc":{"start":{"line":27,"column":8},"end":{"line":27,"column":65}},"type":"if","locations":[{"start":{"line":27,"column":8},"end":{"line":27,"column":65}},{"start":{},"end":{}}],"line":27},"2":{"loc":{"start":{"line":28,"column":8},"end":{"line":28,"column":76}},"type":"if","locations":[{"start":{"line":28,"column":8},"end":{"line":28,"column":76}},{"start":{},"end":{}}],"line":28},"3":{"loc":{"start":{"line":28,"column":12},"end":{"line":28,"column":32}},"type":"binary-expr","locations":[{"start":{"line":28,"column":12},"end":{"line":28,"column":17}},{"start":{"line":28,"column":21},"end":{"line":28,"column":32}}],"line":28},"4":{"loc":{"start":{"line":29,"column":8},"end":{"line":29,"column":58}},"type":"if","locations":[{"start":{"line":29,"column":8},"end":{"line":29,"column":58}},{"start":{},"end":{}}],"line":29},"5":{"loc":{"start":{"line":30,"column":8},"end":{"line":30,"column":99}},"type":"if","locations":[{"start":{"line":30,"column":8},"end":{"line":30,"column":99}},{"start":{},"end":{}}],"line":30},"6":{"loc":{"start":{"line":30,"column":12},"end":{"line":30,"column":48}},"type":"binary-expr","locations":[{"start":{"line":30,"column":12},"end":{"line":30,"column":19}},{"start":{"line":30,"column":23},"end":{"line":30,"column":33}},{"start":{"line":30,"column":37},"end":{"line":30,"column":48}}],"line":30},"7":{"loc":{"start":{"line":31,"column":8},"end":{"line":33,"column":9}},"type":"if","locations":[{"start":{"line":31,"column":8},"end":{"line":33,"column":9}},{"start":{},"end":{}}],"line":31},"8":{"loc":{"start":{"line":31,"column":12},"end":{"line":31,"column":72}},"type":"binary-expr","locations":[{"start":{"line":31,"column":12},"end":{"line":31,"column":17}},{"start":{"line":31,"column":21},"end":{"line":31,"column":72}}],"line":31},"9":{"loc":{"start":{"line":41,"column":8},"end":{"line":41,"column":36}},"type":"if","locations":[{"start":{"line":41,"column":8},"end":{"line":41,"column":36}},{"start":{},"end":{}}],"line":41},"10":{"loc":{"start":{"line":49,"column":19},"end":{"line":49,"column":68}},"type":"binary-expr","locations":[{"start":{"line":49,"column":19},"end":{"line":49,"column":31}},{"start":{"line":49,"column":35},"end":{"line":49,"column":68}}],"line":49},"11":{"loc":{"start":{"line":52,"column":8},"end":{"line":56,"column":9}},"type":"if","locations":[{"start":{"line":52,"column":8},"end":{"line":56,"column":9}},{"start":{"line":54,"column":15},"end":{"line":56,"column":9}}],"line":52},"12":{"loc":{"start":{"line":79,"column":17},"end":{"line":79,"column":78}},"type":"binary-expr","locations":[{"start":{"line":79,"column":17},"end":{"line":79,"column":29}},{"start":{"line":79,"column":33},"end":{"line":79,"column":78}}],"line":79},"13":{"loc":{"start":{"line":93,"column":17},"end":{"line":93,"column":76}},"type":"binary-expr","locations":[{"start":{"line":93,"column":17},"end":{"line":93,"column":28}},{"start":{"line":93,"column":32},"end":{"line":93,"column":76}}],"line":93},"14":{"loc":{"start":{"line":114,"column":17},"end":{"line":114,"column":78}},"type":"binary-expr","locations":[{"start":{"line":114,"column":17},"end":{"line":114,"column":29}},{"start":{"line":114,"column":33},"end":{"line":114,"column":78}}],"line":114},"15":{"loc":{"start":{"line":128,"column":17},"end":{"line":128,"column":80}},"type":"binary-expr","locations":[{"start":{"line":128,"column":17},"end":{"line":128,"column":30}},{"start":{"line":128,"column":34},"end":{"line":128,"column":80}}],"line":128},"16":{"loc":{"start":{"line":149,"column":17},"end":{"line":149,"column":78}},"type":"binary-expr","locations":[{"start":{"line":149,"column":17},"end":{"line":149,"column":29}},{"start":{"line":149,"column":33},"end":{"line":149,"column":78}}],"line":149},"17":{"loc":{"start":{"line":153,"column":17},"end":{"line":153,"column":60}},"type":"cond-expr","locations":[{"start":{"line":153,"column":32},"end":{"line":153,"column":46}},{"start":{"line":153,"column":49},"end":{"line":153,"column":60}}],"line":153}},"s":{"0":1,"1":42,"2":42,"3":42,"4":42,"5":42,"6":42,"7":42,"8":42,"9":11,"10":3,"11":3,"12":3,"13":3,"14":3,"15":3,"16":42,"17":7,"18":7,"19":0,"20":7,"21":0,"22":7,"23":0,"24":7,"25":0,"26":7,"27":3,"28":7,"29":7,"30":42,"31":7,"32":7,"33":3,"34":4,"35":4,"36":1,"37":3,"38":4,"39":4,"40":4,"41":4,"42":4,"43":4,"44":4,"45":42,"46":7,"47":5,"48":5,"49":4,"50":2,"51":2},"f":{"0":42,"1":11,"2":7,"3":7,"4":7,"5":5,"6":5,"7":4,"8":2,"9":2},"b":{"0":[3,8],"1":[0,7],"2":[0,7],"3":[7,7],"4":[0,7],"5":[0,7],"6":[7,7,7],"7":[3,4],"8":[7,4],"9":[3,4],"10":[4,3],"11":[1,3],"12":[42,0],"13":[42,0],"14":[42,0],"15":[42,0],"16":[42,3],"17":[15,27]},"_coverageSchema":"1a1c01bbd47fc00a2c39e90264f33305004495a9","hash":"258880455c2b4b5171afcf6568501b0209658ece"}
,"C:\\Users\\schio\\mpp\\src\\MovieList.jsx": {"path":"C:\\Users\\schio\\mpp\\src\\MovieList.jsx","statementMap":{"0":{"start":{"line":4,"column":18},"end":{"line":44,"column":1}},"1":{"start":{"line":5,"column":4},"end":{"line":43,"column":6}},"2":{"start":{"line":8,"column":16},"end":{"line":40,"column":22}},"3":{"start":{"line":28,"column":43},"end":{"line":28,"column":56}},"4":{"start":{"line":34,"column":43},"end":{"line":34,"column":61}}},"fnMap":{"0":{"name":"(anonymous_0)","decl":{"start":{"line":4,"column":18},"end":{"line":4,"column":19}},"loc":{"start":{"line":4,"column":52},"end":{"line":44,"column":1}},"line":4},"1":{"name":"(anonymous_1)","decl":{"start":{"line":7,"column":24},"end":{"line":7,"column":25}},"loc":{"start":{"line":8,"column":16},"end":{"line":40,"column":22}},"line":8},"2":{"name":"(anonymous_2)","decl":{"start":{"line":28,"column":37},"end":{"line":28,"column":38}},"loc":{"start":{"line":28,"column":43},"end":{"line":28,"column":56}},"line":28},"3":{"name":"(anonymous_3)","decl":{"start":{"line":34,"column":37},"end":{"line":34,"column":38}},"loc":{"start":{"line":34,"column":43},"end":{"line":34,"column":61}},"line":34}},"branchMap":{},"s":{"0":1,"1":54,"2":252,"3":3,"4":3},"f":{"0":54,"1":252,"2":3,"3":3},"b":{},"_coverageSchema":"1a1c01bbd47fc00a2c39e90264f33305004495a9","hash":"d46500730394a1fb2fef5372770beb2e42a4dcd1"}
}
