TN:
SF:src\App.jsx
FN:6,(anonymous_0)
FN:158,(anonymous_1)
FN:164,(anonymous_2)
FN:166,(anonymous_3)
FN:190,(anonymous_4)
FN:193,(anonymous_5)
FN:199,(anonymous_6)
FN:205,(anonymous_7)
FN:206,(anonymous_8)
FN:207,(anonymous_9)
FN:216,(anonymous_10)
FN:217,(anonymous_11)
FN:218,(anonymous_12)
FN:227,(anonymous_13)
FN:240,(anonymous_14)
FN:250,(anonymous_15)
FN:256,(anonymous_16)
FN:271,(anonymous_17)
FN:285,(anonymous_18)
FN:300,(anonymous_19)
FN:324,(anonymous_20)
FN:335,(anonymous_21)
FN:342,(anonymous_22)
FN:342,(anonymous_23)
FN:345,(anonymous_24)
FN:354,(anonymous_25)
FNF:26
FNH:25
FNDA:56,(anonymous_0)
FNDA:841,(anonymous_1)
FNDA:30,(anonymous_2)
FNDA:2187,(anonymous_3)
FNDA:3,(anonymous_4)
FNDA:3,(anonymous_5)
FNDA:3,(anonymous_6)
FNDA:1,(anonymous_7)
FNDA:1,(anonymous_8)
FNDA:15,(anonymous_9)
FNDA:3,(anonymous_10)
FNDA:3,(anonymous_11)
FNDA:45,(anonymous_12)
FNDA:841,(anonymous_13)
FNDA:2,(anonymous_14)
FNDA:2,(anonymous_15)
FNDA:504,(anonymous_16)
FNDA:3,(anonymous_17)
FNDA:5,(anonymous_18)
FNDA:9,(anonymous_19)
FNDA:3,(anonymous_20)
FNDA:0,(anonymous_21)
FNDA:162,(anonymous_22)
FNDA:162,(anonymous_23)
FNDA:2,(anonymous_24)
FNDA:1,(anonymous_25)
DA:6,1
DA:8,56
DA:147,56
DA:148,56
DA:149,56
DA:150,56
DA:151,56
DA:152,56
DA:153,56
DA:154,56
DA:155,56
DA:158,56
DA:159,841
DA:162,56
DA:164,30
DA:166,56
DA:167,2187
DA:168,1938
DA:171,249
DA:172,127
DA:175,122
DA:176,122
DA:180,0
DA:184,56
DA:185,56
DA:186,56
DA:187,56
DA:190,56
DA:193,56
DA:194,3
DA:199,3
DA:200,3
DA:201,3
DA:205,56
DA:206,1
DA:207,1
DA:208,15
DA:211,1
DA:212,1
DA:216,56
DA:217,3
DA:218,45
DA:219,3
DA:220,0
DA:222,3
DA:227,841
DA:229,56
DA:241,2
DA:242,2
DA:251,2
DA:252,2
DA:257,504
DA:272,3
DA:273,3
DA:286,5
DA:287,5
DA:301,9
DA:302,9
DA:325,3
DA:326,3
DA:335,0
DA:342,162
DA:343,162
DA:345,2
DA:354,1
LF:65
LH:62
BRDA:162,0,0,54
BRDA:162,0,1,2
BRDA:167,1,0,1938
BRDA:167,1,1,249
BRDA:168,2,0,1938
BRDA:168,2,1,0
BRDA:171,3,0,127
BRDA:171,3,1,122
BRDA:172,4,0,86
BRDA:172,4,1,41
BRDA:175,5,0,122
BRDA:175,5,1,0
BRDA:176,6,0,82
BRDA:176,6,1,40
BRDA:197,7,0,3
BRDA:197,7,1,0
BRDA:208,8,0,1
BRDA:208,8,1,14
BRDA:219,9,0,0
BRDA:219,9,1,3
BRDA:219,10,0,3
BRDA:219,10,1,0
BRDA:262,11,0,56
BRDA:262,11,1,448
BRDA:306,12,0,11
BRDA:306,12,1,45
BRDA:310,13,0,56
BRDA:310,13,1,11
BRDA:335,14,0,0
BRDA:335,14,1,0
BRDA:346,15,0,54
BRDA:346,15,1,108
BRDA:354,16,0,1
BRDA:354,16,1,0
BRF:34
BRH:26
end_of_record
TN:
SF:src\MovieForm.jsx
FN:3,(anonymous_0)
FN:13,(anonymous_1)
FN:25,(anonymous_2)
FN:39,(anonymous_3)
FN:76,(anonymous_4)
FN:88,(anonymous_5)
FN:101,(anonymous_6)
FN:123,(anonymous_7)
FN:136,(anonymous_8)
FN:146,(anonymous_9)
FNF:10
FNH:10
FNDA:42,(anonymous_0)
FNDA:11,(anonymous_1)
FNDA:7,(anonymous_2)
FNDA:7,(anonymous_3)
FNDA:7,(anonymous_4)
FNDA:5,(anonymous_5)
FNDA:5,(anonymous_6)
FNDA:4,(anonymous_7)
FNDA:2,(anonymous_8)
FNDA:2,(anonymous_9)
DA:3,1
DA:4,42
DA:5,42
DA:6,42
DA:7,42
DA:8,42
DA:9,42
DA:10,42
DA:13,42
DA:14,11
DA:15,3
DA:16,3
DA:17,3
DA:18,3
DA:19,3
DA:20,3
DA:25,42
DA:26,7
DA:27,7
DA:28,7
DA:29,7
DA:30,7
DA:31,7
DA:32,3
DA:34,7
DA:35,7
DA:39,42
DA:40,7
DA:41,7
DA:43,4
DA:52,4
DA:53,1
DA:55,3
DA:59,4
DA:60,4
DA:61,4
DA:62,4
DA:63,4
DA:64,4
DA:65,4
DA:68,42
DA:76,7
DA:88,5
DA:101,5
DA:123,4
DA:136,2
DA:146,2
LF:47
LH:47
BRDA:14,0,0,3
BRDA:14,0,1,8
BRDA:27,1,0,0
BRDA:27,1,1,7
BRDA:28,2,0,0
BRDA:28,2,1,7
BRDA:28,3,0,7
BRDA:28,3,1,7
BRDA:29,4,0,0
BRDA:29,4,1,7
BRDA:30,5,0,0
BRDA:30,5,1,7
BRDA:30,6,0,7
BRDA:30,6,1,7
BRDA:30,6,2,7
BRDA:31,7,0,3
BRDA:31,7,1,4
BRDA:31,8,0,7
BRDA:31,8,1,4
BRDA:41,9,0,3
BRDA:41,9,1,4
BRDA:49,10,0,4
BRDA:49,10,1,3
BRDA:52,11,0,1
BRDA:52,11,1,3
BRDA:79,12,0,42
BRDA:79,12,1,0
BRDA:93,13,0,42
BRDA:93,13,1,0
BRDA:114,14,0,42
BRDA:114,14,1,0
BRDA:128,15,0,42
BRDA:128,15,1,0
BRDA:149,16,0,42
BRDA:149,16,1,3
BRDA:153,17,0,15
BRDA:153,17,1,27
BRF:37
BRH:29
end_of_record
TN:
SF:src\MovieList.jsx
FN:4,(anonymous_0)
FN:7,(anonymous_1)
FN:28,(anonymous_2)
FN:34,(anonymous_3)
FNF:4
FNH:4
FNDA:54,(anonymous_0)
FNDA:252,(anonymous_1)
FNDA:3,(anonymous_2)
FNDA:3,(anonymous_3)
DA:4,1
DA:5,54
DA:8,252
DA:28,3
DA:34,3
LF:5
LH:5
BRF:0
BRH:0
end_of_record
