<?xml version="1.0" encoding="UTF-8"?>
<coverage generated="1743502681490" clover="3.2.0">
  <project timestamp="1743502681490" name="All files">
    <metrics statements="33" coveredstatements="30" conditionals="6" coveredconditionals="4" methods="9" coveredmethods="8" elements="48" coveredelements="42" complexity="0" loc="33" ncloc="33" packages="1" files="1" classes="1"/>
    <file name="server.js" path="C:\Users\schio\mpp2\server.js">
      <metrics statements="33" coveredstatements="30" conditionals="6" coveredconditionals="4" methods="9" coveredmethods="8"/>
      <line num="1" count="1" type="stmt"/>
      <line num="2" count="1" type="stmt"/>
      <line num="3" count="1" type="stmt"/>
      <line num="5" count="1" type="stmt"/>
      <line num="11" count="1" type="stmt"/>
      <line num="12" count="1" type="stmt"/>
      <line num="14" count="1" type="stmt"/>
      <line num="152" count="1" type="stmt"/>
      <line num="153" count="1" type="stmt"/>
      <line num="156" count="1" type="stmt"/>
      <line num="157" count="3" type="stmt"/>
      <line num="158" count="31" type="stmt"/>
      <line num="159" count="3" type="cond" truecount="2" falsecount="0"/>
      <line num="160" count="1" type="stmt"/>
      <line num="163" count="1" type="stmt"/>
      <line num="164" count="1" type="stmt"/>
      <line num="168" count="1" type="stmt"/>
      <line num="169" count="1" type="stmt"/>
      <line num="172" count="1" type="stmt"/>
      <line num="173" count="1" type="stmt"/>
      <line num="174" count="16" type="stmt"/>
      <line num="176" count="1" type="cond" truecount="1" falsecount="1"/>
      <line num="177" count="0" type="stmt"/>
      <line num="180" count="1" type="stmt"/>
      <line num="181" count="1" type="stmt"/>
      <line num="184" count="1" type="stmt"/>
      <line num="185" count="1" type="stmt"/>
      <line num="186" count="16" type="stmt"/>
      <line num="187" count="1" type="stmt"/>
      <line num="190" count="1" type="cond" truecount="1" falsecount="1"/>
      <line num="191" count="0" type="stmt"/>
      <line num="192" count="0" type="stmt"/>
      <line num="196" count="1" type="stmt"/>
    </file>
  </project>
</coverage>
