{"C:\\Users\\schio\\mpp2\\server.js": {"path":"C:\\Users\\schio\\mpp2\\server.js","statementMap":{"0":{"start":{"line":1,"column":16},"end":{"line":1,"column":34}},"1":{"start":{"line":2,"column":13},"end":{"line":2,"column":28}},"2":{"start":{"line":3,"column":12},"end":{"line":3,"column":21}},"3":{"start":{"line":5,"column":20},"end":{"line":8,"column":1}},"4":{"start":{"line":11,"column":0},"end":{"line":11,"column":27}},"5":{"start":{"line":12,"column":0},"end":{"line":12,"column":24}},"6":{"start":{"line":14,"column":13},"end":{"line":150,"column":1}},"7":{"start":{"line":152,"column":0},"end":{"line":154,"column":3}},"8":{"start":{"line":153,"column":4},"end":{"line":153,"column":21}},"9":{"start":{"line":156,"column":0},"end":{"line":161,"column":3}},"10":{"start":{"line":157,"column":15},"end":{"line":157,"column":38}},"11":{"start":{"line":158,"column":18},"end":{"line":158,"column":47}},"12":{"start":{"line":158,"column":35},"end":{"line":158,"column":46}},"13":{"start":{"line":159,"column":4},"end":{"line":159,"column":74}},"14":{"start":{"line":159,"column":16},"end":{"line":159,"column":74}},"15":{"start":{"line":160,"column":4},"end":{"line":160,"column":20}},"16":{"start":{"line":163,"column":0},"end":{"line":170,"column":3}},"17":{"start":{"line":164,"column":21},"end":{"line":167,"column":5}},"18":{"start":{"line":168,"column":4},"end":{"line":168,"column":26}},"19":{"start":{"line":169,"column":4},"end":{"line":169,"column":35}},"20":{"start":{"line":172,"column":0},"end":{"line":182,"column":3}},"21":{"start":{"line":173,"column":15},"end":{"line":173,"column":38}},"22":{"start":{"line":174,"column":23},"end":{"line":174,"column":57}},"23":{"start":{"line":174,"column":45},"end":{"line":174,"column":56}},"24":{"start":{"line":176,"column":4},"end":{"line":178,"column":5}},"25":{"start":{"line":177,"column":8},"end":{"line":177,"column":66}},"26":{"start":{"line":180,"column":4},"end":{"line":180,"column":64}},"27":{"start":{"line":181,"column":4},"end":{"line":181,"column":33}},"28":{"start":{"line":184,"column":0},"end":{"line":188,"column":3}},"29":{"start":{"line":185,"column":15},"end":{"line":185,"column":38}},"30":{"start":{"line":186,"column":4},"end":{"line":186,"column":45}},"31":{"start":{"line":186,"column":32},"end":{"line":186,"column":43}},"32":{"start":{"line":187,"column":4},"end":{"line":187,"column":26}},"33":{"start":{"line":190,"column":0},"end":{"line":194,"column":1}},"34":{"start":{"line":191,"column":4},"end":{"line":193,"column":7}},"35":{"start":{"line":192,"column":8},"end":{"line":192,"column":51}},"36":{"start":{"line":196,"column":0},"end":{"line":196,"column":21}}},"fnMap":{"0":{"name":"(anonymous_0)","decl":{"start":{"line":152,"column":19},"end":{"line":152,"column":20}},"loc":{"start":{"line":152,"column":33},"end":{"line":154,"column":1}},"line":152},"1":{"name":"(anonymous_1)","decl":{"start":{"line":156,"column":23},"end":{"line":156,"column":24}},"loc":{"start":{"line":156,"column":37},"end":{"line":161,"column":1}},"line":156},"2":{"name":"(anonymous_2)","decl":{"start":{"line":158,"column":30},"end":{"line":158,"column":31}},"loc":{"start":{"line":158,"column":35},"end":{"line":158,"column":46}},"line":158},"3":{"name":"(anonymous_3)","decl":{"start":{"line":163,"column":20},"end":{"line":163,"column":21}},"loc":{"start":{"line":163,"column":34},"end":{"line":170,"column":1}},"line":163},"4":{"name":"(anonymous_4)","decl":{"start":{"line":172,"column":23},"end":{"line":172,"column":24}},"loc":{"start":{"line":172,"column":37},"end":{"line":182,"column":1}},"line":172},"5":{"name":"(anonymous_5)","decl":{"start":{"line":174,"column":40},"end":{"line":174,"column":41}},"loc":{"start":{"line":174,"column":45},"end":{"line":174,"column":56}},"line":174},"6":{"name":"(anonymous_6)","decl":{"start":{"line":184,"column":26},"end":{"line":184,"column":27}},"loc":{"start":{"line":184,"column":40},"end":{"line":188,"column":1}},"line":184},"7":{"name":"(anonymous_7)","decl":{"start":{"line":186,"column":27},"end":{"line":186,"column":28}},"loc":{"start":{"line":186,"column":32},"end":{"line":186,"column":43}},"line":186},"8":{"name":"(anonymous_8)","decl":{"start":{"line":191,"column":21},"end":{"line":191,"column":22}},"loc":{"start":{"line":191,"column":27},"end":{"line":193,"column":5}},"line":191}},"branchMap":{"0":{"loc":{"start":{"line":159,"column":4},"end":{"line":159,"column":74}},"type":"if","locations":[{"start":{"line":159,"column":4},"end":{"line":159,"column":74}},{"start":{},"end":{}}],"line":159},"1":{"loc":{"start":{"line":176,"column":4},"end":{"line":178,"column":5}},"type":"if","locations":[{"start":{"line":176,"column":4},"end":{"line":178,"column":5}},{"start":{},"end":{}}],"line":176},"2":{"loc":{"start":{"line":190,"column":0},"end":{"line":194,"column":1}},"type":"if","locations":[{"start":{"line":190,"column":0},"end":{"line":194,"column":1}},{"start":{},"end":{}}],"line":190}},"s":{"0":1,"1":1,"2":1,"3":1,"4":1,"5":1,"6":1,"7":1,"8":1,"9":1,"10":3,"11":3,"12":31,"13":3,"14":2,"15":1,"16":1,"17":1,"18":1,"19":1,"20":1,"21":1,"22":1,"23":16,"24":1,"25":0,"26":1,"27":1,"28":1,"29":1,"30":1,"31":16,"32":1,"33":1,"34":0,"35":0,"36":1},"f":{"0":1,"1":3,"2":31,"3":1,"4":1,"5":16,"6":1,"7":16,"8":0},"b":{"0":[2,1],"1":[0,1],"2":[0,1]},"_coverageSchema":"1a1c01bbd47fc00a2c39e90264f33305004495a9","hash":"e616176b148e580a35294a361d30029e3a36f71b"}
}
