TN:
SF:server.js
FN:152,(anonymous_0)
FN:156,(anonymous_1)
FN:158,(anonymous_2)
FN:163,(anonymous_3)
FN:172,(anonymous_4)
FN:174,(anonymous_5)
FN:184,(anonymous_6)
FN:186,(anonymous_7)
FN:191,(anonymous_8)
FNF:9
FNH:8
FNDA:1,(anonymous_0)
FNDA:3,(anonymous_1)
FNDA:31,(anonymous_2)
FNDA:1,(anonymous_3)
FNDA:1,(anonymous_4)
FNDA:16,(anonymous_5)
FNDA:1,(anonymous_6)
FNDA:16,(anonymous_7)
FNDA:0,(anonymous_8)
DA:1,1
DA:2,1
DA:3,1
DA:5,1
DA:11,1
DA:12,1
DA:14,1
DA:152,1
DA:153,1
DA:156,1
DA:157,3
DA:158,31
DA:159,3
DA:160,1
DA:163,1
DA:164,1
DA:168,1
DA:169,1
DA:172,1
DA:173,1
DA:174,16
DA:176,1
DA:177,0
DA:180,1
DA:181,1
DA:184,1
DA:185,1
DA:186,16
DA:187,1
DA:190,1
DA:191,0
DA:192,0
DA:196,1
LF:33
LH:30
BRDA:159,0,0,2
BRDA:159,0,1,1
BRDA:176,1,0,0
BRDA:176,1,1,1
BRDA:190,2,0,0
BRDA:190,2,1,1
BRF:6
BRH:4
end_of_record
